#
# There is insufficient memory for the Java Runtime Environment to continue.
# Native memory allocation (malloc) failed to allocate 1048576 bytes for AllocateHeap
# Possible reasons:
#   The system is out of physical RAM or swap space
#   The process is running with CompressedOops enabled, and the Java Heap may be blocking the growth of the native heap
# Possible solutions:
#   Reduce memory load on the system
#   Increase physical memory or swap space
#   Check if swap backing store is full
#   Decrease Java heap size (-Xmx/-Xms)
#   Decrease number of Java threads
#   Decrease Java thread stack sizes (-Xss)
#   Set larger code cache with -XX:ReservedCodeCacheSize=
#   JVM is running with Unscaled Compressed Oops mode in which the Java heap is
#     placed in the first 4GB address space. The Java Heap base address is the
#     maximum limit for the native heap growth. Please use -XX:HeapBaseMinAddress
#     to set the Java Heap base and to place the Java Heap above 4GB virtual address.
# This output file may be truncated or incomplete.
#
#  Out of Memory Error (memory/allocation.inline.hpp:61), pid=8656, tid=0x0000000000002658
#
# JRE version:  (8.0_301-b09) (build )
# Java VM: Java HotSpot(TM) 64-Bit Server VM (25.301-b09 mixed mode windows-amd64 compressed oops)
# Failed to write core dump. Minidumps are not enabled by default on client versions of Windows
#

---------------  T H R E A D  ---------------

Current thread (0x0000026817062000):  JavaThread "Unknown thread" [_thread_in_vm, id=9816, stack(0x000000fc57d00000,0x000000fc57e00000)]

Stack: [0x000000fc57d00000,0x000000fc57e00000]
Native frames: (J=compiled Java code, j=interpreted, Vv=VM code, C=native code)
V  [jvm.dll+0x32ed79]
V  [jvm.dll+0x275722]
V  [jvm.dll+0x2763cd]
V  [jvm.dll+0x26ce05]
V  [jvm.dll+0x509d]
V  [jvm.dll+0x3c964d]
V  [jvm.dll+0x3ca3ca]
V  [jvm.dll+0x3c6367]
V  [jvm.dll+0xfcdcf]
V  [jvm.dll+0x20a0bb]
V  [jvm.dll+0x238ae7]
V  [jvm.dll+0x162876]
C  [javaw.exe+0x2322]
C  [javaw.exe+0x16544]
C  [KERNEL32.DLL+0x17034]
C  [ntdll.dll+0x52651]


---------------  P R O C E S S  ---------------

Java Threads: ( => current thread )

Other Threads:

=>0x0000026817062000 (exited) JavaThread "Unknown thread" [_thread_in_vm, id=9816, stack(0x000000fc57d00000,0x000000fc57e00000)]

VM state:not at safepoint (normal execution)

VM Mutex/Monitor currently owned by a thread: None

heap address: 0x0000000081200000, size: 2030 MB, Compressed Oops mode: 32-bit
Narrow klass base: 0x0000000000000000, Narrow klass shift: 3
Compressed class space size: 1073741824 Address: 0x0000000100000000

Heap:
 PSYoungGen      total 38400K, used 665K [0x00000000d5b80000, 0x00000000d8600000, 0x0000000100000000)
  eden space 33280K, 2% used [0x00000000d5b80000,0x00000000d5c26670,0x00000000d7c00000)
  from space 5120K, 0% used [0x00000000d8100000,0x00000000d8100000,0x00000000d8600000)
  to   space 5120K, 0% used [0x00000000d7c00000,0x00000000d7c00000,0x00000000d8100000)
 ParOldGen       total 87552K, used 0K [0x0000000081200000, 0x0000000086780000, 0x00000000d5b80000)
  object space 87552K, 0% used [0x0000000081200000,0x0000000081200000,0x0000000086780000)
 Metaspace       used 778K, capacity 4480K, committed 4480K, reserved 1056768K
  class space    used 76K, capacity 384K, committed 384K, reserved 1048576K

Card table byte_map: [0x0000026827e30000,0x0000026828230000] byte_map_base: 0x0000026827a27000

Marking Bits: (ParMarkBitMap*) 0x000000005fca7fe0
 Begin Bits: [0x00000268284e0000, 0x000002682a498000)
 End Bits:   [0x000002682a498000, 0x000002682c450000)

Polling page: 0x0000026818a40000

CodeCache: size=245760Kb used=328Kb max_used=328Kb free=245431Kb
 bounds [0x0000026818a70000, 0x0000026818ce0000, 0x0000026827a70000]
 total_blobs=58 nmethods=0 adapters=38
 compilation: enabled

Compilation events (0 events):
No events

GC Heap History (0 events):
No events

Deoptimization events (0 events):
No events

Classes redefined (0 events):
No events

Internal exceptions (0 events):
No events

Events (10 events):
Event: 0.033 loading class java/lang/Short
Event: 0.033 loading class java/lang/Short done
Event: 0.033 loading class java/lang/Integer
Event: 0.033 loading class java/lang/Integer done
Event: 0.033 loading class java/lang/Long
Event: 0.033 loading class java/lang/Long done
Event: 0.034 loading class java/lang/NullPointerException
Event: 0.034 loading class java/lang/NullPointerException done
Event: 0.034 loading class java/lang/ArithmeticException
Event: 0.034 loading class java/lang/ArithmeticException done


Dynamic libraries:
0x00007ff77a2c0000 - 0x00007ff77a307000 	C:\Program Files\Java\jdk1.8.0_301\bin\javaw.exe
0x00007ff897230000 - 0x00007ff897425000 	C:\Windows\SYSTEM32\ntdll.dll
0x00007ff895fd0000 - 0x00007ff89608e000 	C:\Windows\System32\KERNEL32.DLL
0x00007ff894fb0000 - 0x00007ff895278000 	C:\Windows\System32\KERNELBASE.dll
0x00007ff896490000 - 0x00007ff89653e000 	C:\Windows\System32\ADVAPI32.dll
0x00007ff895280000 - 0x00007ff89531e000 	C:\Windows\System32\msvcrt.dll
0x00007ff8960c0000 - 0x00007ff89615c000 	C:\Windows\System32\sechost.dll
0x00007ff896160000 - 0x00007ff896285000 	C:\Windows\System32\RPCRT4.dll
0x00007ff8967e0000 - 0x00007ff896980000 	C:\Windows\System32\USER32.dll
0x00007ff894c70000 - 0x00007ff894c92000 	C:\Windows\System32\win32u.dll
0x00007ff896090000 - 0x00007ff8960bb000 	C:\Windows\System32\GDI32.dll
0x00007ff894ad0000 - 0x00007ff894bdd000 	C:\Windows\System32\gdi32full.dll
0x00007ff894f10000 - 0x00007ff894fad000 	C:\Windows\System32\msvcp_win.dll
0x00007ff894e10000 - 0x00007ff894f10000 	C:\Windows\System32\ucrtbase.dll
0x00007ff886cb0000 - 0x00007ff886f4a000 	C:\Windows\WinSxS\amd64_microsoft.windows.common-controls_6595b64144ccf1df_6.0.19041.1110_none_60b5254171f9507e\COMCTL32.dll
0x00007ff895c90000 - 0x00007ff895cc0000 	C:\Windows\System32\IMM32.DLL
0x00007ff88f430000 - 0x00007ff88f445000 	C:\Program Files\Java\jdk1.8.0_301\jre\bin\vcruntime140.dll
0x00007ff8717a0000 - 0x00007ff87183b000 	C:\Program Files\Java\jdk1.8.0_301\jre\bin\msvcp140.dll
0x000000005f4c0000 - 0x000000005fd20000 	C:\Program Files\Java\jdk1.8.0_301\jre\bin\server\jvm.dll
0x00007ff896540000 - 0x00007ff896548000 	C:\Windows\System32\PSAPI.DLL
0x00007ff883c00000 - 0x00007ff883c09000 	C:\Windows\SYSTEM32\WSOCK32.dll
0x00007ff895c20000 - 0x00007ff895c8b000 	C:\Windows\System32\WS2_32.dll
0x00007ff888250000 - 0x00007ff888277000 	C:\Windows\SYSTEM32\WINMM.dll
0x00007ff88b1e0000 - 0x00007ff88b1ea000 	C:\Windows\SYSTEM32\VERSION.dll
0x00007ff8931c0000 - 0x00007ff8931d2000 	C:\Windows\SYSTEM32\kernel.appcore.dll
0x00007ff88fd30000 - 0x00007ff88fd40000 	C:\Program Files\Java\jdk1.8.0_301\jre\bin\verify.dll
0x00007ff88e520000 - 0x00007ff88e54b000 	C:\Program Files\Java\jdk1.8.0_301\jre\bin\java.dll
0x00007ff88f360000 - 0x00007ff88f378000 	C:\Program Files\Java\jdk1.8.0_301\jre\bin\zip.dll
0x00007ff890340000 - 0x00007ff890524000 	C:\Windows\SYSTEM32\dbghelp.dll
0x00007ff894be0000 - 0x00007ff894c62000 	C:\Windows\System32\bcryptPrimitives.dll

VM Arguments:
jvm_args: -Dfile.encoding=Cp1252 
java_command: client.app.MainControllerGUI
java_class_path (initial): E:\Eclipse_2\CCM_Clientapplication\bin;E:\Eclipse_2\CCM_Clientapplication\lib\bcprov-jdk15on-160.jar;E:\Eclipse_2\CCM_Clientapplication\lib\httpclient-4.5.6.jar;E:\Eclipse_2\CCM_Clientapplication\lib\httpcore-4.4.10.jar;E:\Eclipse_2\CCM_Clientapplication\lib\gson-2.6.2.jar;E:\Eclipse_2\CCM_Clientapplication\lib\commons-logging-1.2.jar
Launcher Type: SUN_STANDARD

Environment Variables:
JAVA_HOME=C:\Program Files\Java\jdk1.8.0_301\jdk-8u301-windows-x64.exe
PATH=C:/Program Files/Java/eclipse//plugins/org.eclipse.justj.openjdk.hotspot.jre.full.win32.x86_64_16.0.2.v20210721-1149/jre/bin/server;C:/Program Files/Java/eclipse//plugins/org.eclipse.justj.openjdk.hotspot.jre.full.win32.x86_64_16.0.2.v20210721-1149/jre/bin;C:\Program Files\Java\jdk1.8.0_301\bin;C:\Program Files\Common Files\Oracle\Java\javapath;C:\Program Files (x86)\Common Files\Oracle\Java\javapath;"C:\Program Files\Java\jdk1.8.0_301\jdk-8u301-windows-x64.exe\bin;C:\Program Files\Common Files\Oracle\Java\javapath";C:\Windows\system32;C:\Windows;C:\Windows\System32\Wbem;C:\Windows\System32\WindowsPowerShell\v1.0\;C:\Windows\System32\OpenSSH\;C:\MinGW\bin;E:\MATLAB\runtime\win64;E:\MATLAB\bin;E:\MATLAB\polyspace\bin;C:\Program Files\Git\cmd;C:\Program Files\Microsoft SQL Server\Client SDK\ODBC\170\Tools\Binn\;C:\Program Files (x86)\Microsoft SQL Server\150\Tools\Binn\;C:\Program Files\Microsoft SQL Server\150\Tools\Binn\;C:\Program Files\Microsoft SQL Server\150\DTS\Binn\;C:\Program Files\Azure Data Studio\bin;C:\Program Files (x86)\Microsoft SQL Server\150\DTS\Binn\;C:\MinGW\bin;C:\Program Files\Microsoft SQL Server\130\Tools\Binn\;C:\Program Files\Go\bin;C:\Program Files\WireGuard\;C:\Program Files (x86)\Bitvise SSH Client;C:\Program Files\MySQL\MySQL Shell 8.0\bin\;C:\Users\admin\AppData\Local\Programs\Python\Python39\Scripts\;C:\Users\admin\AppData\Local\Programs\Python\Python39\;C:\Users\admin\AppData\Local\Microsoft\WindowsApps;C:\Users\admin\AppData\Local\GitHubDesktop\bin;C:\Program Files\Azure Data Studio\bin;C:\Users\admin\AppData\Local\Programs\Microsoft VS Code\bin;C:\Program Files (x86)\Dev-Cpp\MinGW64\bin;C:\Users\admin\go\bin;;C:\Program Files\Java\eclipse;
USERNAME=admin
OS=Windows_NT
PROCESSOR_IDENTIFIER=Intel64 Family 6 Model 60 Stepping 3, GenuineIntel



---------------  S Y S T E M  ---------------

OS: Windows 10.0 , 64 bit Build 19041 (10.0.19041.1503)

CPU:total 8 (initial active 8) (4 cores per cpu, 2 threads per core) family 6 model 60 stepping 3, cmov, cx8, fxsr, mmx, sse, sse2, sse3, ssse3, sse4.1, sse4.2, popcnt, avx, avx2, aes, clmul, erms, lzcnt, ht, tsc, tscinvbit, bmi1, bmi2

Memory: 4k page, physical 8306884k(879524k free), swap 12501188k(12128k free)

vm_info: Java HotSpot(TM) 64-Bit Server VM (25.301-b09) for windows-amd64 JRE (1.8.0_301-b09), built on Jun  9 2021 06:46:21 by "java_re" with MS VC++ 15.9 (VS2017)

time: Thu Mar 10 17:29:31 2022
timezone: SE Asia Standard Time
elapsed time: 0.083293 seconds (0d 0h 0m 0s)

