#
# There is insufficient memory for the Java Runtime Environment to continue.
# Native memory allocation (mmap) failed to map 134217728 bytes for G1 virtual space
# Possible reasons:
#   The system is out of physical RAM or swap space
#   The process is running with CompressedOops enabled, and the Java Heap may be blocking the growth of the native heap
# Possible solutions:
#   Reduce memory load on the system
#   Increase physical memory or swap space
#   Check if swap backing store is full
#   Decrease Java heap size (-Xmx/-Xms)
#   Decrease number of Java threads
#   Decrease Java thread stack sizes (-Xss)
#   Set larger code cache with -XX:ReservedCodeCacheSize=
#   JVM is running with Unscaled Compressed Oops mode in which the Java heap is
#     placed in the first 4GB address space. The Java Heap base address is the
#     maximum limit for the native heap growth. Please use -XX:HeapBaseMinAddress
#     to set the Java Heap base and to place the Java Heap above 4GB virtual address.
# This output file may be truncated or incomplete.
#
#  Out of Memory Error (os_windows.cpp:3466), pid=3572, tid=15920
#
# JRE version:  (16.0.2+7) (build )
# Java VM: OpenJDK 64-Bit Server VM (16.0.2+7-67, mixed mode, sharing, tiered, compressed oops, compressed class ptrs, g1 gc, windows-amd64)
# No core dump will be written. Minidumps are not enabled by default on client versions of Windows
#

---------------  S U M M A R Y ------------

Command Line: -Dfile.encoding=Cp1252 -XX:+ShowCodeDetailsInExceptionMessages client.app.MainControllerGUI

Host: Intel(R) Core(TM) i7-4700HQ CPU @ 2.40GHz, 8 cores, 7G,  Windows 10 , 64 bit Build 19041 (10.0.19041.1348)
Time: Thu Dec 23 15:36:07 2021 SE Asia Standard Time elapsed time: 0.014954 seconds (0d 0h 0m 0s)

---------------  T H R E A D  ---------------

Current thread (0x00000146a926a430):  JavaThread "Unknown thread" [_thread_in_vm, id=15920, stack(0x0000003812800000,0x0000003812900000)]

Stack: [0x0000003812800000,0x0000003812900000]
Native frames: (J=compiled Java code, j=interpreted, Vv=VM code, C=native code)
V  [jvm.dll+0x6681ca]
V  [jvm.dll+0x7c9e69]
V  [jvm.dll+0x7cb61e]
V  [jvm.dll+0x7cbc73]
V  [jvm.dll+0x242c55]
V  [jvm.dll+0x664f89]
V  [jvm.dll+0x659b75]
V  [jvm.dll+0x2fbfbb]
V  [jvm.dll+0x3031b6]
V  [jvm.dll+0x35299e]
V  [jvm.dll+0x352bcf]
V  [jvm.dll+0x2d3028]
V  [jvm.dll+0x2d4264]
V  [jvm.dll+0x79c741]
V  [jvm.dll+0x360791]
V  [jvm.dll+0x77a3f0]
V  [jvm.dll+0x3e4e8f]
V  [jvm.dll+0x3e6961]
C  [jli.dll+0x52fb]
C  [ucrtbase.dll+0x21bb2]
C  [KERNEL32.DLL+0x17034]
C  [ntdll.dll+0x52651]


---------------  P R O C E S S  ---------------

Threads class SMR info:
_java_thread_list=0x00007ffc0e85cbb8, length=0, elements={
}

Java Threads: ( => current thread )

Other Threads:
  0x00000146a92aae50 GCTaskThread "GC Thread#0" [stack: 0x0000003812900000,0x0000003812a00000] [id=9568]
  0x00000146a92bd500 ConcurrentGCThread "G1 Main Marker" [stack: 0x0000003812a00000,0x0000003812b00000] [id=8872]
  0x00000146a92bdff0 ConcurrentGCThread "G1 Conc#0" [stack: 0x0000003812b00000,0x0000003812c00000] [id=17664]

[error occurred during error reporting (printing all threads), id 0xc0000005, EXCEPTION_ACCESS_VIOLATION (0xc0000005) at pc=0x00007ffc0e033ee7]

VM state: not at safepoint (not fully initialized)

VM Mutex/Monitor currently owned by a thread:  ([mutex/lock_event])
[0x00000146a9257dd0] Heap_lock - owner thread: 0x00000146a926a430

Heap address: 0x0000000081200000, size: 2030 MB, Compressed Oops mode: 32-bit

CDS archive(s) mapped at: [0x0000000000000000-0x0000000000000000-0x0000000000000000), size 0, SharedBaseAddress: 0x0000000800000000, ArchiveRelocationMode: 0.
Narrow klass base: 0x0000000000000000, Narrow klass shift: 0, Narrow klass range: 0x0

GC Precious Log:
<Empty>

Heap:
 garbage-first heap   total 0K, used 0K [0x0000000081200000, 0x0000000100000000)
  region size 1024K, 0 young (0K), 0 survivors (0K)

[error occurred during error reporting (printing heap information), id 0xc0000005, EXCEPTION_ACCESS_VIOLATION (0xc0000005) at pc=0x00007ffc0e411eed]

GC Heap History (0 events):
No events

Deoptimization events (0 events):
No events

Classes unloaded (0 events):
No events

Classes redefined (0 events):
No events

Internal exceptions (0 events):
No events

Events (1 events):
Event: 0.007 Loaded shared library C:\Program Files\Java\eclipse\plugins\org.eclipse.justj.openjdk.hotspot.jre.full.win32.x86_64_16.0.2.v20210721-1149\jre\bin\java.dll


Dynamic libraries:
0x00007ff65ff60000 - 0x00007ff65ff6e000 	C:\Program Files\Java\eclipse\plugins\org.eclipse.justj.openjdk.hotspot.jre.full.win32.x86_64_16.0.2.v20210721-1149\jre\bin\javaw.exe
0x00007ffc55e30000 - 0x00007ffc56025000 	C:\Windows\SYSTEM32\ntdll.dll
0x00007ffc54510000 - 0x00007ffc545ce000 	C:\Windows\System32\KERNEL32.DLL
0x00007ffc53780000 - 0x00007ffc53a48000 	C:\Windows\System32\KERNELBASE.dll
0x00007ffc53680000 - 0x00007ffc53780000 	C:\Windows\System32\ucrtbase.dll
0x00007ffc30510000 - 0x00007ffc30528000 	C:\Program Files\Java\eclipse\plugins\org.eclipse.justj.openjdk.hotspot.jre.full.win32.x86_64_16.0.2.v20210721-1149\jre\bin\jli.dll
0x00007ffc2c760000 - 0x00007ffc2c779000 	C:\Program Files\Java\eclipse\plugins\org.eclipse.justj.openjdk.hotspot.jre.full.win32.x86_64_16.0.2.v20210721-1149\jre\bin\VCRUNTIME140.dll
0x00007ffc53f90000 - 0x00007ffc54131000 	C:\Windows\System32\USER32.dll
0x00007ffc485a0000 - 0x00007ffc4883a000 	C:\Windows\WinSxS\amd64_microsoft.windows.common-controls_6595b64144ccf1df_6.0.19041.1110_none_60b5254171f9507e\COMCTL32.dll
0x00007ffc53ce0000 - 0x00007ffc53d02000 	C:\Windows\System32\win32u.dll
0x00007ffc54720000 - 0x00007ffc547be000 	C:\Windows\System32\msvcrt.dll
0x00007ffc54450000 - 0x00007ffc5447b000 	C:\Windows\System32\GDI32.dll
0x00007ffc53d10000 - 0x00007ffc53e1d000 	C:\Windows\System32\gdi32full.dll
0x00007ffc53bb0000 - 0x00007ffc53c4d000 	C:\Windows\System32\msvcp_win.dll
0x00007ffc54e30000 - 0x00007ffc54e60000 	C:\Windows\System32\IMM32.DLL
0x00007ffc47e70000 - 0x00007ffc47e7c000 	C:\Program Files\Java\eclipse\plugins\org.eclipse.justj.openjdk.hotspot.jre.full.win32.x86_64_16.0.2.v20210721-1149\jre\bin\vcruntime140_1.dll
0x00007ffc18ef0000 - 0x00007ffc18f81000 	C:\Program Files\Java\eclipse\plugins\org.eclipse.justj.openjdk.hotspot.jre.full.win32.x86_64_16.0.2.v20210721-1149\jre\bin\msvcp140.dll
0x00007ffc0dd50000 - 0x00007ffc0e8fb000 	C:\Program Files\Java\eclipse\plugins\org.eclipse.justj.openjdk.hotspot.jre.full.win32.x86_64_16.0.2.v20210721-1149\jre\bin\server\jvm.dll
0x00007ffc54e60000 - 0x00007ffc54f0c000 	C:\Windows\System32\ADVAPI32.dll
0x00007ffc54a10000 - 0x00007ffc54aab000 	C:\Windows\System32\sechost.dll
0x00007ffc548d0000 - 0x00007ffc549fa000 	C:\Windows\System32\RPCRT4.dll
0x00007ffc54140000 - 0x00007ffc54148000 	C:\Windows\System32\PSAPI.DLL
0x00007ffc3fad0000 - 0x00007ffc3fad9000 	C:\Windows\SYSTEM32\WSOCK32.dll
0x00007ffc49a20000 - 0x00007ffc49a47000 	C:\Windows\SYSTEM32\WINMM.dll
0x00007ffc4dc20000 - 0x00007ffc4dc2a000 	C:\Windows\SYSTEM32\VERSION.dll
0x00007ffc545d0000 - 0x00007ffc5463b000 	C:\Windows\System32\WS2_32.dll
0x00007ffc51dc0000 - 0x00007ffc51dd2000 	C:\Windows\SYSTEM32\kernel.appcore.dll
0x00007ffc50190000 - 0x00007ffc5019a000 	C:\Program Files\Java\eclipse\plugins\org.eclipse.justj.openjdk.hotspot.jre.full.win32.x86_64_16.0.2.v20210721-1149\jre\bin\jimage.dll
0x00007ffc40a70000 - 0x00007ffc40c54000 	C:\Windows\SYSTEM32\DBGHELP.DLL
0x00007ffc3ef90000 - 0x00007ffc3efbc000 	C:\Windows\SYSTEM32\dbgcore.DLL
0x00007ffc535f0000 - 0x00007ffc53672000 	C:\Windows\System32\bcryptPrimitives.dll
0x00007ffc41e60000 - 0x00007ffc41e85000 	C:\Program Files\Java\eclipse\plugins\org.eclipse.justj.openjdk.hotspot.jre.full.win32.x86_64_16.0.2.v20210721-1149\jre\bin\java.dll

dbghelp: loaded successfully - version: 4.0.5 - missing functions: none
symbol engine: initialized successfully - sym options: 0x614 - pdb path: .;C:\Program Files\Java\eclipse\plugins\org.eclipse.justj.openjdk.hotspot.jre.full.win32.x86_64_16.0.2.v20210721-1149\jre\bin;C:\Windows\SYSTEM32;C:\Windows\WinSxS\amd64_microsoft.windows.common-controls_6595b64144ccf1df_6.0.19041.1110_none_60b5254171f9507e;C:\Program Files\Java\eclipse\plugins\org.eclipse.justj.openjdk.hotspot.jre.full.win32.x86_64_16.0.2.v20210721-1149\jre\bin\server

VM Arguments:
jvm_args: -Dfile.encoding=Cp1252 -XX:+ShowCodeDetailsInExceptionMessages 
java_command: client.app.MainControllerGUI
java_class_path (initial): E:\Eclipse_2\Clientapplication\bin;E:\Eclipse_2\Clientapplication\lib\bcprov-jdk15on-160.jar;E:\Eclipse_2\Clientapplication\lib\httpclient-4.5.6.jar;E:\Eclipse_2\Clientapplication\lib\httpcore-4.4.10.jar;E:\Eclipse_2\Clientapplication\lib\gson-2.6.2.jar;E:\Eclipse_2\Clientapplication\lib\commons-logging-1.2.jar
Launcher Type: SUN_STANDARD

[Global flags]
     intx CICompilerCount                          = 4                                         {product} {ergonomic}
     uint ConcGCThreads                            = 2                                         {product} {ergonomic}
     uint G1ConcRefinementThreads                  = 8                                         {product} {ergonomic}
   size_t G1HeapRegionSize                         = 1048576                                   {product} {ergonomic}
    uintx GCDrainStackTargetSize                   = 64                                        {product} {ergonomic}
   size_t InitialHeapSize                          = 134217728                                 {product} {ergonomic}
   size_t MarkStackSize                            = 4194304                                   {product} {ergonomic}
   size_t MaxHeapSize                              = 2128609280                                {product} {ergonomic}
   size_t MinHeapDeltaBytes                        = 1048576                                   {product} {ergonomic}
   size_t MinHeapSize                              = 8388608                                   {product} {ergonomic}
    uintx NonNMethodCodeHeapSize                   = 5839372                                {pd product} {ergonomic}
    uintx NonProfiledCodeHeapSize                  = 122909434                              {pd product} {ergonomic}
    uintx ProfiledCodeHeapSize                     = 122909434                              {pd product} {ergonomic}
    uintx ReservedCodeCacheSize                    = 251658240                              {pd product} {ergonomic}
     bool SegmentedCodeCache                       = true                                      {product} {ergonomic}
     bool ShowCodeDetailsInExceptionMessages       = true                                   {manageable} {command line}
   size_t SoftMaxHeapSize                          = 2128609280                             {manageable} {ergonomic}
     bool UseCompressedClassPointers               = true                           {product lp64_product} {ergonomic}
     bool UseCompressedOops                        = true                           {product lp64_product} {ergonomic}
     bool UseG1GC                                  = true                                      {product} {ergonomic}
     bool UseLargePagesIndividualAllocation        = false                                  {pd product} {ergonomic}

Logging:
Log output configuration:
 #0: stdout all=warning uptime,level,tags
 #1: stderr all=off uptime,level,tags

Environment Variables:
JAVA_HOME=C:\Program Files\Java\jdk-17.0.1
PATH=C:/Program Files/Java/eclipse//plugins/org.eclipse.justj.openjdk.hotspot.jre.full.win32.x86_64_16.0.2.v20210721-1149/jre/bin/server;C:/Program Files/Java/eclipse//plugins/org.eclipse.justj.openjdk.hotspot.jre.full.win32.x86_64_16.0.2.v20210721-1149/jre/bin;C:\Program Files\Common Files\Oracle\Java\javapath;"C:\Program Files\Java\jdk-17.0.1\bin;C:\Program Files\Common Files\Oracle\Java\javapath";C:\Windows\system32;C:\Windows;C:\Windows\System32\Wbem;C:\Windows\System32\WindowsPowerShell\v1.0\;C:\Windows\System32\OpenSSH\;C:\MinGW\bin;E:\MATLAB\runtime\win64;E:\MATLAB\bin;E:\MATLAB\polyspace\bin;C:\Program Files\Git\cmd;C:\Program Files\Microsoft SQL Server\Client SDK\ODBC\170\Tools\Binn\;C:\Program Files (x86)\Microsoft SQL Server\150\Tools\Binn\;C:\Program Files\Microsoft SQL Server\150\Tools\Binn\;C:\Program Files\Microsoft SQL Server\150\DTS\Binn\;C:\Program Files\Azure Data Studio\bin;C:\Program Files (x86)\Microsoft SQL Server\150\DTS\Binn\;C:\MinGW\bin;C:\Program Files\Microsoft SQL Server\130\Tools\Binn\;C:\Program Files\Go\bin;C:\Program Files\MySQL\MySQL Shell 8.0\bin\;C:\Users\admin\AppData\Local\Programs\Python\Python39\Scripts\;C:\Users\admin\AppData\Local\Programs\Python\Python39\;C:\Users\admin\AppData\Local\Microsoft\WindowsApps;C:\Users\admin\AppData\Local\GitHubDesktop\bin;C:\Program Files\Azure Data Studio\bin;C:\Users\admin\AppData\Local\Programs\Microsoft VS Code\bin;C:\Program Files (x86)\Dev-Cpp\MinGW64\bin;C:\Users\admin\go\bin;C:\Program Files\Java\eclipse;
USERNAME=admin
OS=Windows_NT
PROCESSOR_IDENTIFIER=Intel64 Family 6 Model 60 Stepping 3, GenuineIntel



---------------  S Y S T E M  ---------------

OS:
 Windows 10 , 64 bit Build 19041 (10.0.19041.1348)
OS uptime: 0 days 14:21 hours

CPU: total 8 (initial active 8) (4 cores per cpu, 2 threads per core) family 6 model 60 stepping 3 microcode 0x27, cx8, cmov, fxsr, ht, mmx, sse, sse2, sse3, ssse3, sse4.1, sse4.2, popcnt, lzcnt, tsc, tscinvbit, avx, avx2, aes, erms, clmul, bmi1, bmi2, fma, vzeroupper, clflush

Memory: 4k page, system-wide physical 8112M (1250M free)
TotalPageFile size 12208M (AvailPageFile size 99M)
current process WorkingSet (physical memory assigned to process): 10M, peak: 10M
current process commit charge ("private bytes"): 59M, peak: 187M

vm_info: OpenJDK 64-Bit Server VM (16.0.2+7-67) for windows-amd64 JRE (16.0.2+7-67), built on Jun  8 2021 23:21:43 by "mach5one" with MS VC++ 16.7 (VS2019)

END.
